app/build/outputs/logs/manifest-merger-debug-report.txt
-- Merging decision tree log ---
manifest
ADDED from src/main/AndroidManifest.xml:2:1-263:12
	xmlns:android
		ADDED from src/main/AndroidManifest.xml:2:11-69
	package
		ADDED from src/main/AndroidManifest.xml:3:5-31
		INJECTED from src/main/AndroidManifest.xml
		INJECTED from src/main/AndroidManifest.xml
	android:versionName
		ADDED from src/main/AndroidManifest.xml:5:5-45
		INJECTED from src/main/AndroidManifest.xml
		INJECTED from src/main/AndroidManifest.xml
	android:versionCode
		ADDED from src/main/AndroidManifest.xml:4:5-28
		INJECTED from src/main/AndroidManifest.xml
		INJECTED from src/main/AndroidManifest.xml
uses-permission#android.permission.WRITE_EXTERNAL_STORAGE
ADDED from src/main/AndroidManifest.xml:8:5-81
	android:name
		ADDED from src/main/AndroidManifest.xml:8:22-78
uses-permission#android.permission.READ_LOGS
ADDED from src/main/AndroidManifest.xml:9:5-68
	android:name
		ADDED from src/main/AndroidManifest.xml:9:22-65
uses-permission#android.permission.CALL_PHONE
ADDED from src/main/AndroidManifest.xml:10:5-69
	android:name
		ADDED from src/main/AndroidManifest.xml:10:22-66
uses-sdk
ADDED from src/main/AndroidManifest.xml:12:5-14:41
MERGED from [com.android.support:appcompat-v7:22.2.1] AndroidManifest.xml:20:5-43
MERGED from [com.android.support:support-v4:22.2.1] AndroidManifest.xml:20:5-43
	android:targetSdkVersion
		ADDED from src/main/AndroidManifest.xml:14:9-38
		INJECTED from src/main/AndroidManifest.xml
		INJECTED from src/main/AndroidManifest.xml
	android:minSdkVersion
		ADDED from src/main/AndroidManifest.xml:13:9-35
		INJECTED from src/main/AndroidManifest.xml
		INJECTED from src/main/AndroidManifest.xml
application
ADDED from src/main/AndroidManifest.xml:16:5-261:19
MERGED from [com.android.support:appcompat-v7:22.2.1] AndroidManifest.xml:22:5-20
MERGED from [com.android.support:support-v4:22.2.1] AndroidManifest.xml:22:5-20
	android:label
		ADDED from src/main/AndroidManifest.xml:19:9-41
	android:allowBackup
		ADDED from src/main/AndroidManifest.xml:17:9-35
	android:icon
		ADDED from src/main/AndroidManifest.xml:18:9-45
	android:theme
		ADDED from src/main/AndroidManifest.xml:20:9-40
activity#com.nateemma.wtp.MainActivity
ADDED from src/main/AndroidManifest.xml:23:9-44:20
	android:label
		ADDED from src/main/AndroidManifest.xml:25:13-45
	android:name
		ADDED from src/main/AndroidManifest.xml:24:13-57
intent-filter#android.intent.action.MAIN+android.intent.category.LAUNCHER
ADDED from src/main/AndroidManifest.xml:26:13-30:29
action#android.intent.action.MAIN
ADDED from src/main/AndroidManifest.xml:27:17-69
	android:name
		ADDED from src/main/AndroidManifest.xml:27:25-66
category#android.intent.category.LAUNCHER
ADDED from src/main/AndroidManifest.xml:29:17-77
	android:name
		ADDED from src/main/AndroidManifest.xml:29:27-74
meta-data#com.google.android.maps.v2.API_KEY
ADDED from src/main/AndroidManifest.xml:40:13-42:95
	android:name
		ADDED from src/main/AndroidManifest.xml:41:17-66
	android:value
		ADDED from src/main/AndroidManifest.xml:42:17-92
activity#com.nateemma.wtp.BoilerInputActivity
ADDED from src/main/AndroidManifest.xml:68:9-85:20
	android:windowSoftInputMode
		ADDED from src/main/AndroidManifest.xml:73:13-67
	android:label
		ADDED from src/main/AndroidManifest.xml:70:13-56
	android:parentActivityName
		ADDED from src/main/AndroidManifest.xml:71:13-71
	android:name
		ADDED from src/main/AndroidManifest.xml:69:13-64
meta-data#android.support.PARENT_ACTIVITY
ADDED from src/main/AndroidManifest.xml:76:13-78:65
	android:name
		ADDED from src/main/AndroidManifest.xml:77:17-63
	android:value
		ADDED from src/main/AndroidManifest.xml:78:17-62
intent-filter#android.intent.category.DEFAULT+com.nateemma.wtp.BOILER_INPUT
ADDED from src/main/AndroidManifest.xml:80:13-84:29
action#com.nateemma.wtp.BOILER_INPUT
ADDED from src/main/AndroidManifest.xml:81:17-72
	android:name
		ADDED from src/main/AndroidManifest.xml:81:25-69
category#android.intent.category.DEFAULT
ADDED from src/main/AndroidManifest.xml:83:17-76
	android:name
		ADDED from src/main/AndroidManifest.xml:83:27-73
activity#com.nateemma.wtp.BoilerSolidsResultsActivity
ADDED from src/main/AndroidManifest.xml:89:9-106:20
	android:label
		ADDED from src/main/AndroidManifest.xml:91:13-64
	android:parentActivityName
		ADDED from src/main/AndroidManifest.xml:92:13-78
	android:name
		ADDED from src/main/AndroidManifest.xml:90:13-72
intent-filter#android.intent.category.DEFAULT+com.nateemma.wtp.BOILER_SOLIDS_RESULTS
ADDED from src/main/AndroidManifest.xml:101:13-105:29
action#com.nateemma.wtp.BOILER_SOLIDS_RESULTS
ADDED from src/main/AndroidManifest.xml:102:17-81
	android:name
		ADDED from src/main/AndroidManifest.xml:102:25-78
activity#com.nateemma.wtp.BoilerLiquidsResultsActivity
ADDED from src/main/AndroidManifest.xml:109:9-125:20
	android:label
		ADDED from src/main/AndroidManifest.xml:111:13-65
	android:parentActivityName
		ADDED from src/main/AndroidManifest.xml:112:13-78
	android:name
		ADDED from src/main/AndroidManifest.xml:110:13-73
intent-filter#android.intent.category.DEFAULT+com.nateemma.wtp.BOILER_LIQUIDS_RESULTS
ADDED from src/main/AndroidManifest.xml:120:13-124:29
action#com.nateemma.wtp.BOILER_LIQUIDS_RESULTS
ADDED from src/main/AndroidManifest.xml:121:17-82
	android:name
		ADDED from src/main/AndroidManifest.xml:121:25-79
activity#com.nateemma.wtp.CoolingInputActivity
ADDED from src/main/AndroidManifest.xml:128:9-145:20
	android:windowSoftInputMode
		ADDED from src/main/AndroidManifest.xml:133:13-67
	android:label
		ADDED from src/main/AndroidManifest.xml:130:13-57
	android:parentActivityName
		ADDED from src/main/AndroidManifest.xml:131:13-71
	android:name
		ADDED from src/main/AndroidManifest.xml:129:13-65
intent-filter#android.intent.category.DEFAULT+com.nateemma.wtp.COOLING_INPUT
ADDED from src/main/AndroidManifest.xml:140:13-144:29
action#com.nateemma.wtp.COOLING_INPUT
ADDED from src/main/AndroidManifest.xml:141:17-73
	android:name
		ADDED from src/main/AndroidManifest.xml:141:25-70
activity#com.nateemma.wtp.CoolingSolidsResultsActivity
ADDED from src/main/AndroidManifest.xml:149:9-166:20
	android:label
		ADDED from src/main/AndroidManifest.xml:151:13-65
	android:parentActivityName
		ADDED from src/main/AndroidManifest.xml:152:13-79
	android:name
		ADDED from src/main/AndroidManifest.xml:150:13-73
intent-filter#android.intent.category.DEFAULT+com.nateemma.wtp.COOLING_SOLIDS_RESULTS
ADDED from src/main/AndroidManifest.xml:161:13-165:29
action#com.nateemma.wtp.COOLING_SOLIDS_RESULTS
ADDED from src/main/AndroidManifest.xml:162:17-82
	android:name
		ADDED from src/main/AndroidManifest.xml:162:25-79
activity#com.nateemma.wtp.CoolingLiquidsResultsActivity
ADDED from src/main/AndroidManifest.xml:169:9-186:20
	android:label
		ADDED from src/main/AndroidManifest.xml:171:13-66
	android:parentActivityName
		ADDED from src/main/AndroidManifest.xml:172:13-79
	android:name
		ADDED from src/main/AndroidManifest.xml:170:13-74
intent-filter#android.intent.category.DEFAULT+com.nateemma.wtp.COOLING_LIQUIDS_RESULTS
ADDED from src/main/AndroidManifest.xml:181:13-185:29
action#com.nateemma.wtp.COOLING_LIQUIDS_RESULTS
ADDED from src/main/AndroidManifest.xml:182:17-83
	android:name
		ADDED from src/main/AndroidManifest.xml:182:25-80
activity#com.nateemma.wtp.AboutActivity
ADDED from src/main/AndroidManifest.xml:190:9-207:20
	android:label
		ADDED from src/main/AndroidManifest.xml:192:13-50
	android:parentActivityName
		ADDED from src/main/AndroidManifest.xml:193:13-71
	android:name
		ADDED from src/main/AndroidManifest.xml:191:13-58
intent-filter#android.intent.category.DEFAULT+com.nateemma.wtp.ABOUT
ADDED from src/main/AndroidManifest.xml:202:13-206:29
action#com.nateemma.wtp.ABOUT
ADDED from src/main/AndroidManifest.xml:203:17-65
	android:name
		ADDED from src/main/AndroidManifest.xml:203:25-62
activity#com.nateemma.wtp.ContactActivity
ADDED from src/main/AndroidManifest.xml:210:9-227:20
	android:label
		ADDED from src/main/AndroidManifest.xml:212:13-50
	android:parentActivityName
		ADDED from src/main/AndroidManifest.xml:213:13-71
	android:name
		ADDED from src/main/AndroidManifest.xml:211:13-60
intent-filter#android.intent.category.DEFAULT+com.nateemma.wtp.CONTACT
ADDED from src/main/AndroidManifest.xml:222:13-226:29
action#com.nateemma.wtp.CONTACT
ADDED from src/main/AndroidManifest.xml:223:17-67
	android:name
		ADDED from src/main/AndroidManifest.xml:223:25-64
activity#com.nateemma.wtp.HelpActivity
ADDED from src/main/AndroidManifest.xml:230:9-247:20
	android:label
		ADDED from src/main/AndroidManifest.xml:232:13-49
	android:parentActivityName
		ADDED from src/main/AndroidManifest.xml:233:13-71
	android:name
		ADDED from src/main/AndroidManifest.xml:231:13-57
intent-filter#android.intent.category.DEFAULT+com.nateemma.wtp.HELP
ADDED from src/main/AndroidManifest.xml:242:13-246:29
action#com.nateemma.wtp.HELP
ADDED from src/main/AndroidManifest.xml:243:17-64
	android:name
		ADDED from src/main/AndroidManifest.xml:243:25-61
activity#com.nateemma.wtp.TBDActivity
ADDED from src/main/AndroidManifest.xml:250:9-260:20
	android:label
		ADDED from src/main/AndroidManifest.xml:252:13-32
	android:name
		ADDED from src/main/AndroidManifest.xml:251:13-56
intent-filter#android.intent.category.DEFAULT+com.nateemma.wtp.TBD
ADDED from src/main/AndroidManifest.xml:255:13-259:29
action#com.nateemma.wtp.TBD
ADDED from src/main/AndroidManifest.xml:256:17-63
	android:name
		ADDED from src/main/AndroidManifest.xml:256:25-60